--------------- 10-09-2016, 23:44:44 ---------------
| DC v0.7.4 beta Rev. 7058 -- x86_64-Linux-gtk2
| Arch Linux \r (\l) -- GTK 2.24.30
Unhandled exception: EIPCError: : Failed to remove named pipe: /tmp/doublecmd--1000
  Stack trace:
  $0000000000B1C72B in /usr/lib/doublecmd/doublecmd
  $0000000000B1C3F2 in /usr/lib/doublecmd/doublecmd

--------------- 24-09-2016, 21:30:58 ---------------
| DC v0.7.5 beta Rev. 7092 -- x86_64-Linux-gtk2
| Arch Linux \r (\l) -- GTK 2.24.31
Unhandled exception: EIPCError: : Failed to remove named pipe: /tmp/doublecmd--1000
  Stack trace:
  $0000000000B1C6FB in /usr/lib/doublecmd/doublecmd
  $0000000000B1C3C2 in /usr/lib/doublecmd/doublecmd

--------------- 10-11-2016, 22:13:23 ---------------
| DC v0.7.5 beta Rev. 7092 -- x86_64-Linux-gtk2
| Arch Linux \r (\l) -- GTK 2.24.31
Unhandled exception: EAccessViolation: Access violation
  Stack trace:
  $00007F98692EEAFA in /usr/lib/doublecmd/plugins/wcx/zip/zip.wcx
  $00007F98693BB40E in /usr/lib/doublecmd/plugins/wcx/zip/zip.wcx
  $00007F98693CB3BA in /usr/lib/doublecmd/plugins/wcx/zip/zip.wcx
  $00007F98693A9566 in /usr/lib/doublecmd/plugins/wcx/zip/zip.wcx
  $00007F986936DFE5 in /usr/lib/doublecmd/plugins/wcx/zip/zip.wcx


--------------- 11-11-2016, 11:17:38 ---------------
| DC v0.7.5 beta Rev. 7092 -- x86_64-Linux-gtk2
| Arch Linux \r (\l) -- GTK 2.24.31
Unhandled exception: EIPCError: : Failed to remove named pipe: /tmp/doublecmd--1000
  Stack trace:
  $0000000000B1C6FB in /usr/lib/doublecmd/doublecmd
  $0000000000B1C3C2 in /usr/lib/doublecmd/doublecmd

